Removed Pin From Net: NetName=+5V Pin=C7-1
Removed Pin From Net: NetName=GND Pin=C7-2
Removed Pin From Net: NetName=+5V Pin=C8-1
Removed Pin From Net: NetName=GND Pin=C8-2
Removed Pin From Net: NetName=GND Pin=Display1-NC
Removed Pin From Net: NetName=GND Pin=Display1-NC
Removed Pin From Net: NetName=GND Pin=Display1-NC
Removed Pin From Net: NetName=GND Pin=Display1-NC
Change component parameters: Designator = "LED_Header" ("LED_Header"); Footprint = "61203421621"; UniqueID = "\DXFVNXXK" ("\DXFVNXXK")
Change component parameters (AddParameter): Name = "ComponentLink1Description"; Value = "Manufacturer"; VariantName = "[No Variations]"
Change component parameters (AddParameter): Name = "ComponentLink1URL"; Value = "http://www.we-online.de"; VariantName = "[No Variations]"
Change component parameters (AddParameter): Name = "ComponentLink2Description"; Value = "Datasheet"; VariantName = "[No Variations]"
Change component parameters (AddParameter): Name = "ComponentLink2URL"; Value = "https://www.we-online.com/catalog/datasheet/61203421621.pdf"; VariantName = "[No Variations]"
Change component parameters (AddParameter): Name = "Contact Resistance"; Value = "20mOhm"; VariantName = "[No Variations]"
Change component parameters (AddParameter): Name = "Gender"; Value = "Male PCB side"; VariantName = "[No Variations]"
Change component parameters (AddParameter): Name = "Insulation Resistance"; Value = "1000MOhm"; VariantName = "[No Variations]"
Change component parameters (AddParameter): Name = "Length"; Value = "50.84mm"; VariantName = "[No Variations]"
Change component parameters (AddParameter): Name = "Manufacturer"; Value = "Wurth Elektronik"; VariantName = "[No Variations]"
Change component parameters (AddParameter): Name = "Manufacturer Part Number"; Value = "61203421621"; VariantName = "[No Variations]"
Change component parameters (AddParameter): Name = "Mounting Technology"; Value = "THT"; VariantName = "[No Variations]"
Change component parameters (AddParameter): Name = "Operating Temperature"; Value = "-40 to +105degC"; VariantName = "[No Variations]"
Change component parameters (AddParameter): Name = "Packaging"; Value = "Tray"; VariantName = "[No Variations]"
Change component parameters (AddParameter): Name = "Pin Number"; Value = "34"; VariantName = "[No Variations]"
Change component parameters (AddParameter): Name = "Pitch"; Value = "2.54mm"; VariantName = "[No Variations]"
Change component parameters (AddParameter): Name = "Published Date"; Value = "August 2021"; VariantName = "[No Variations]"
Change component parameters (AddParameter): Name = "Rated Current"; Value = "3A"; VariantName = "[No Variations]"
Change component parameters (AddParameter): Name = "System"; Value = "Connector"; VariantName = "[No Variations]"
Change component parameters (AddParameter): Name = "Type"; Value = "Straight"; VariantName = "[No Variations]"
Change component parameters (AddParameter): Name = "Withstanding Voltage"; Value = "500VAC"; VariantName = "[No Variations]"
Change component parameters (AddParameter): Name = "Working Voltage"; Value = "250VAC"; VariantName = "[No Variations]"
Change component parameters: Designator = "R5" ("R5"); Footprint = "STACKPOLE CSR0603"; UniqueID = "\TRFJUSMH" ("\TRFJUSMH")
Change component parameters (AddParameter): Name = "Value"; Value = "390"; VariantName = "[No Variations]"
Change component parameters: Designator = "R7" ("R7"); Footprint = "STACKPOLE CSR0603"; UniqueID = "\SKRPKKXL" ("\SKRPKKXL")
Change component parameters (AddParameter): Name = "Value"; Value = "1.8k"; VariantName = "[No Variations]"
Change component parameters: Designator = "R10" ("R10"); Footprint = "STACKPOLE CSR0603"; UniqueID = "\QVIYVBWV" ("\QVIYVBWV")
Change component parameters (AddParameter): Name = "Value"; Value = "1.8k"; VariantName = "[No Variations]"
Change component parameters: Designator = "R11" ("R11"); Footprint = "STACKPOLE CSR0603"; UniqueID = "\FFDJOTBE" ("\FFDJOTBE")
Change component parameters (AddParameter): Name = "Value"; Value = "390"; VariantName = "[No Variations]"
Change component parameters: Designator = "R13" ("R13"); Footprint = "STACKPOLE CSR0603"; UniqueID = "\GLVFFYZF" ("\GLVFFYZF")
Change component parameters (AddParameter): Name = "Value"; Value = "390"; VariantName = "[No Variations]"
Change component parameters: Designator = "R14" ("R14"); Footprint = "STACKPOLE CSR0603"; UniqueID = "\CZUUJQGW" ("\CZUUJQGW")
Change component parameters (AddParameter): Name = "Value"; Value = "390"; VariantName = "[No Variations]"
Change component parameters: Designator = "R16" ("R16"); Footprint = "STACKPOLE CSR0603"; UniqueID = "\UWVSCWPG" ("\UWVSCWPG")
Change component parameters (AddParameter): Name = "Value"; Value = "390"; VariantName = "[No Variations]"
Change component parameters: Designator = "R26" ("R26"); Footprint = "STACKPOLE CSR0603"; UniqueID = "\ZLNCXPIY" ("\ZLNCXPIY")
Change component parameters (AddParameter): Name = "Value"; Value = "100"; VariantName = "[No Variations]"
Change component parameters: Designator = "R46" ("R46"); Footprint = "STACKPOLE CSR0603"; UniqueID = "\NOQFDMZU" ("\NOQFDMZU")
Change component parameters (AddParameter): Name = "Value"; Value = "470"; VariantName = "[No Variations]"
Change component parameters: Designator = "R47" ("R47"); Footprint = "STACKPOLE CSR0603"; UniqueID = "\RJDBLGWZ" ("\RJDBLGWZ")
Change component parameters (AddParameter): Name = "Value"; Value = "560"; VariantName = "[No Variations]"
Change component parameters: Designator = "R48" ("R48"); Footprint = "STACKPOLE CSR0603"; UniqueID = "\WNIKUDDW" ("\WNIKUDDW")
Change component parameters (AddParameter): Name = "Value"; Value = "470"; VariantName = "[No Variations]"
Change component parameters: Designator = "R49" ("R49"); Footprint = "STACKPOLE CSR0603"; UniqueID = "\USFBQSFF" ("\USFBQSFF")
Change component parameters (AddParameter): Name = "Value"; Value = "560"; VariantName = "[No Variations]"
Change component parameters: Designator = "R50" ("R50"); Footprint = "STACKPOLE CSR0603"; UniqueID = "\ZHMGUOLP" ("\ZHMGUOLP")
Change component parameters (AddParameter): Name = "Value"; Value = "560"; VariantName = "[No Variations]"
Change component parameters: Designator = "R51" ("R51"); Footprint = "STACKPOLE CSR0603"; UniqueID = "\CKEKEOWY" ("\CKEKEOWY")
Change component parameters (AddParameter): Name = "Value"; Value = "560"; VariantName = "[No Variations]"
Change component parameters: Designator = "R52" ("R52"); Footprint = "STACKPOLE CSR0603"; UniqueID = "\FUNUFQHQ" ("\FUNUFQHQ")
Change component parameters (AddParameter): Name = "Value"; Value = "560"; VariantName = "[No Variations]"
Change component parameters: Designator = "R53" ("R53"); Footprint = "STACKPOLE CSR0603"; UniqueID = "\LAOPWHVA" ("\LAOPWHVA")
Change component parameters (AddParameter): Name = "Value"; Value = "560"; VariantName = "[No Variations]"
Change component parameters: Designator = "R54" ("R54"); Footprint = "STACKPOLE CSR0603"; UniqueID = "\PUVAGWHT" ("\PUVAGWHT")
Change component parameters (AddParameter): Name = "Value"; Value = "560"; VariantName = "[No Variations]"
Change component parameters: Designator = "R55" ("R55"); Footprint = "STACKPOLE CSR0603"; UniqueID = "\YTWBPCOX" ("\YTWBPCOX")
Change component parameters (AddParameter): Name = "Value"; Value = "560"; VariantName = "[No Variations]"
Added Component: Designator=D1(SOD-323-2)
Add component (AddParameter): Name = "ComponentLink1Description"; Value = "Octopart"; VariantName = "[No Variations]"
Add component (AddParameter): Name = "ComponentLink1URL"; Value = "https://octopart.com/mm3z4v7t1g-onsemi-331144?r=sp"; VariantName = "[No Variations]"
Added Component: Designator=D2(SOD-323-2)
Add component (AddParameter): Name = "ComponentLink1Description"; Value = "Octopart"; VariantName = "[No Variations]"
Add component (AddParameter): Name = "ComponentLink1URL"; Value = "https://octopart.com/mm3z4v7t1g-onsemi-331144?r=sp"; VariantName = "[No Variations]"
Added Component: Designator=D3(SOD-323-2)
Add component (AddParameter): Name = "ComponentLink1Description"; Value = "Octopart"; VariantName = "[No Variations]"
Add component (AddParameter): Name = "ComponentLink1URL"; Value = "https://octopart.com/mm3z4v7t1g-onsemi-331144?r=sp"; VariantName = "[No Variations]"
Added Component: Designator=R4(STACKPOLE CSR0603)
Add component (AddParameter): Name = "Value"; Value = "10k "; VariantName = "[No Variations]"
Added Component: Designator=R20(STACKPOLE CSR0603)
Add component (AddParameter): Name = "Value"; Value = "10k "; VariantName = "[No Variations]"
Added Component: Designator=R22(STACKPOLE CSR0603)
Add component (AddParameter): Name = "Value"; Value = "10k "; VariantName = "[No Variations]"
Added Component: Designator=R28(STACKPOLE CSR0603)
Add component (AddParameter): Name = "Value"; Value = "470"; VariantName = "[No Variations]"
Added Pin To Net: NetName=GND Pin=C7-1
Added Pin To Net: NetName=+5V Pin=C7-2
Added Pin To Net: NetName=GND Pin=C8-1
Added Pin To Net: NetName=+5V Pin=C8-2
Added Pin To Net: NetName=GND Pin=D1-2A
Added Pin To Net: NetName=GND Pin=D2-2A
Added Pin To Net: NetName=GND Pin=D3-2A
Added Pin To Net: NetName=BOTS_in Pin=R4-1
Added Pin To Net: NetName=Inertia_in Pin=R20-1
Added Pin To Net: NetName=SDB_Dashboard Pin=R22-1
Added Pin To Net: NetName=NetR28_1 Pin=R28-1
Added Pin To Net: NetName=GND Pin=R28-2
Added Pin To Net: NetName=NetR28_1 Pin=SD_TS-6
Added Pin To Net: NetName=BOTS_uC Pin=D1-1C
Added Pin To Net: NetName=BOTS_uC Pin=R4-2
Added Pin To Net: NetName=BOTS_uC Pin=U1-9
Added Net: Name=BOTS_uC
Added Pin To Net: NetName=Inertia_uC Pin=D2-1C
Added Pin To Net: NetName=Inertia_uC Pin=R20-2
Added Pin To Net: NetName=Inertia_uC Pin=U1-8
Added Net: Name=Inertia_uC
Added Pin To Net: NetName=SDB_Dashboard_uC Pin=D3-1C
Added Pin To Net: NetName=SDB_Dashboard_uC Pin=R22-2
Added Pin To Net: NetName=SDB_Dashboard_uC Pin=U1-7
Added Net: Name=SDB_Dashboard_uC
Change Class Name : Old Net Name=Main New Net Name=Mainboard
Added Member To Class: ClassName=Mainboard Member=Component D1 MM3Z4V7T1G
Added Member To Class: ClassName=Mainboard Member=Component D2 MM3Z4V7T1G
Added Member To Class: ClassName=Mainboard Member=Component D3 MM3Z4V7T1G
Added Member To Class: ClassName=Mainboard Member=Component R4 SMD Resistor
Added Member To Class: ClassName=Mainboard Member=Component R20 SMD Resistor
Added Member To Class: ClassName=Mainboard Member=Component R22 SMD Resistor
Added Member To Class: ClassName=Mainboard Member=Component R28 SMD Resistor
Added Member To Class: ClassName=Mainboard Member=Component SWC 43045-0424
Added Room: Name=Mainboard
