Removed Pin From Net: NetName=+5V Pin=C7-1
Removed Pin From Net: NetName=GND Pin=C7-2
Removed Pin From Net: NetName=+5V Pin=C8-1
Removed Pin From Net: NetName=GND Pin=C8-2
Removed Pin From Net: NetName=GND Pin=Display1-NC
Removed Pin From Net: NetName=GND Pin=Display1-NC
Removed Pin From Net: NetName=GND Pin=Display1-NC
Removed Pin From Net: NetName=GND Pin=Display1-NC
Removed Pin From Net: NetName=Display_5 Pin=R3-1
Removed Pin From Net: NetName=Display_6 Pin=R6-1
Removed Pin From Net: NetName=TS_start Pin=R24-1
Removed Pin From Net: NetName=TS_on Pin=R45-1
Removed Pin From Net: NetName=Enable Pin=U1-2
Removed Pin From Net: NetName=Read_Write Pin=U1-3
Removed Pin From Net: NetName=Register_Select Pin=U1-4
Removed Pin From Net: NetName=NetR18_2 Pin=U1-14
Removed Pin From Net: NetName=NetR9_2 Pin=U1-48
Removed Pin From Net: NetName=NetR8_2 Pin=U1-49
Removed Pin From Net: NetName=NetR12_2 Pin=U1-58
Removed Pin From Net: NetName=NetR23_1 Pin=U1-59
Removed Pin From Net: NetName=NetR15_2 Pin=U1-60
Removed Pin From Net: NetName=NetR17_2 Pin=U1-61
Added Component: Designator=D1(SOD-323-2)
Add component (AddParameter): Name = "ComponentLink1Description"; Value = "Octopart"; VariantName = "[No Variations]"
Add component (AddParameter): Name = "ComponentLink1URL"; Value = "https://octopart.com/mm3z4v7t1g-onsemi-331144?r=sp"; VariantName = "[No Variations]"
Added Component: Designator=D2(SOD-323-2)
Add component (AddParameter): Name = "ComponentLink1Description"; Value = "Octopart"; VariantName = "[No Variations]"
Add component (AddParameter): Name = "ComponentLink1URL"; Value = "https://octopart.com/mm3z4v7t1g-onsemi-331144?r=sp"; VariantName = "[No Variations]"
Added Component: Designator=D3(SOD-323-2)
Add component (AddParameter): Name = "ComponentLink1Description"; Value = "Octopart"; VariantName = "[No Variations]"
Add component (AddParameter): Name = "ComponentLink1URL"; Value = "https://octopart.com/mm3z4v7t1g-onsemi-331144?r=sp"; VariantName = "[No Variations]"
Added Component: Designator=R4(STACKPOLE CSR0603)
Add component (AddParameter): Name = "Value"; Value = "10k "; VariantName = "[No Variations]"
Added Component: Designator=R20(STACKPOLE CSR0603)
Add component (AddParameter): Name = "Value"; Value = "10k "; VariantName = "[No Variations]"
Added Component: Designator=R22(STACKPOLE CSR0603)
Add component (AddParameter): Name = "Value"; Value = "10k "; VariantName = "[No Variations]"
Added Component: Designator=R28(STACKPOLE CSR0603)
Add component (AddParameter): Name = "Value"; Value = "470"; VariantName = "[No Variations]"
Added Pin To Net: NetName=GND Pin=C7-1
Added Pin To Net: NetName=+5V Pin=C7-2
Added Pin To Net: NetName=GND Pin=C8-1
Added Pin To Net: NetName=+5V Pin=C8-2
Added Pin To Net: NetName=GND Pin=D1-2A
Added Pin To Net: NetName=GND Pin=D2-2A
Added Pin To Net: NetName=GND Pin=D3-2A
Added Pin To Net: NetName=Display_5 Pin=R3-2
Added Pin To Net: NetName=BOTS_in Pin=R4-1
Added Pin To Net: NetName=Display_6 Pin=R6-2
Added Pin To Net: NetName=Inertia_in Pin=R20-1
Added Pin To Net: NetName=SDB_Dashboard Pin=R22-1
Added Pin To Net: NetName=TS_start Pin=R24-2
Added Pin To Net: NetName=NetR28_1 Pin=R28-1
Added Pin To Net: NetName=GND Pin=R28-2
Added Pin To Net: NetName=TS_on Pin=R45-2
Added Pin To Net: NetName=NetR28_1 Pin=SD_TS-6
Added Pin To Net: NetName=NetR9_2 Pin=U1-2
Added Pin To Net: NetName=NetR8_2 Pin=U1-3
Added Pin To Net: NetName=NetR12_2 Pin=U1-6
Added Pin To Net: NetName=NetR23_1 Pin=U1-7
Added Pin To Net: NetName=NetR15_2 Pin=U1-8
Added Pin To Net: NetName=NetR17_2 Pin=U1-9
Added Pin To Net: NetName=Enable Pin=U1-14
Added Pin To Net: NetName=Read_Write Pin=U1-15
Added Pin To Net: NetName=Register_Select Pin=U1-16
Added Pin To Net: NetName=NetR18_2 Pin=U1-51
Added Pin To Net: NetName=BOTS_uC Pin=D1-1C
Added Pin To Net: NetName=BOTS_uC Pin=R4-2
Added Pin To Net: NetName=BOTS_uC Pin=U1-58
Added Net: Name=BOTS_uC
Added Pin To Net: NetName=Inertia_uC Pin=D2-1C
Added Pin To Net: NetName=Inertia_uC Pin=R20-2
Added Pin To Net: NetName=Inertia_uC Pin=U1-59
Added Net: Name=Inertia_uC
Added Pin To Net: NetName=NetR3_1 Pin=R3-1
Added Pin To Net: NetName=NetR3_1 Pin=U1-5
Added Net: Name=NetR3_1
Added Pin To Net: NetName=NetR6_1 Pin=R6-1
Added Pin To Net: NetName=NetR6_1 Pin=U1-4
Added Net: Name=NetR6_1
Added Pin To Net: NetName=NetR24_1 Pin=R24-1
Added Pin To Net: NetName=NetR24_1 Pin=U1-49
Added Net: Name=NetR24_1
Added Pin To Net: NetName=NetR45_1 Pin=R45-1
Added Pin To Net: NetName=NetR45_1 Pin=U1-50
Added Net: Name=NetR45_1
Added Pin To Net: NetName=SDB_Dashboard_uC Pin=D3-1C
Added Pin To Net: NetName=SDB_Dashboard_uC Pin=R22-2
Added Pin To Net: NetName=SDB_Dashboard_uC Pin=U1-60
Added Net: Name=SDB_Dashboard_uC
Added Member To Class: ClassName=Mainboard Member=Component D1 MM3Z4V7T1G
Added Member To Class: ClassName=Mainboard Member=Component D2 MM3Z4V7T1G
Added Member To Class: ClassName=Mainboard Member=Component D3 MM3Z4V7T1G
Added Member To Class: ClassName=Mainboard Member=Component R4 SMD Resistor
Added Member To Class: ClassName=Mainboard Member=Component R20 SMD Resistor
Added Member To Class: ClassName=Mainboard Member=Component R22 SMD Resistor
Added Member To Class: ClassName=Mainboard Member=Component R28 SMD Resistor
Added Room: Name=Mainboard
