Update Managed Component 1 From CMP-1426-00002-1[150060GS75000] To CMP-1426-00002-1[150060GS75000] in Main.SchDoc
Replace Part C1 SMD Capacitor in Y:\Technik\Technik 2022\05 - Electronics\01 - LV\02 - Digital Circuits\06 - DIC\02 - Altium-Documents\DIC\Main.SchDoc with SMD Capacitor from Standardbauteile.IntLib
Replace Part C2 SMD Capacitor in Y:\Technik\Technik 2022\05 - Electronics\01 - LV\02 - Digital Circuits\06 - DIC\02 - Altium-Documents\DIC\Main.SchDoc with SMD Capacitor from Standardbauteile.IntLib
Replace Part C3 SMD Capacitor in Y:\Technik\Technik 2022\05 - Electronics\01 - LV\02 - Digital Circuits\06 - DIC\02 - Altium-Documents\DIC\Main.SchDoc with SMD Capacitor from Standardbauteile.IntLib
Replace Part C4 SMD Capacitor in Y:\Technik\Technik 2022\05 - Electronics\01 - LV\02 - Digital Circuits\06 - DIC\02 - Altium-Documents\DIC\Main.SchDoc with SMD Capacitor from Standardbauteile.IntLib
Replace Part C5 SMD Capacitor in Y:\Technik\Technik 2022\05 - Electronics\01 - LV\02 - Digital Circuits\06 - DIC\02 - Altium-Documents\DIC\Main.SchDoc with SMD Capacitor from Standardbauteile.IntLib
Replace Part C6 SMD Capacitor in Y:\Technik\Technik 2022\05 - Electronics\01 - LV\02 - Digital Circuits\06 - DIC\02 - Altium-Documents\DIC\Main.SchDoc with SMD Capacitor from Standardbauteile.IntLib
Replace Part C7 SMD Capacitor in Y:\Technik\Technik 2022\05 - Electronics\01 - LV\02 - Digital Circuits\06 - DIC\02 - Altium-Documents\DIC\Main.SchDoc with SMD Capacitor from Standardbauteile.IntLib
Replace Part C8 SMD Capacitor in Y:\Technik\Technik 2022\05 - Electronics\01 - LV\02 - Digital Circuits\06 - DIC\02 - Altium-Documents\DIC\Main.SchDoc with SMD Capacitor from Standardbauteile.IntLib
Replace Part C9 SMD Capacitor in Y:\Technik\Technik 2022\05 - Electronics\01 - LV\02 - Digital Circuits\06 - DIC\02 - Altium-Documents\DIC\Main.SchDoc with SMD Capacitor from Standardbauteile.IntLib
Replace Part C10 865060453007 in Y:\Technik\Technik 2022\05 - Electronics\01 - LV\02 - Digital Circuits\06 - DIC\02 - Altium-Documents\DIC\Main.SchDoc with 865060453007 from ALTIUM-WCAP-ASLL-rev17a.IntLib
Replace Part C11 SMD Capacitor in Y:\Technik\Technik 2022\05 - Electronics\01 - LV\02 - Digital Circuits\06 - DIC\02 - Altium-Documents\DIC\Main.SchDoc with SMD Capacitor from Standardbauteile.IntLib
Replace Part C12 SMD Capacitor in Y:\Technik\Technik 2022\05 - Electronics\01 - LV\02 - Digital Circuits\06 - DIC\02 - Altium-Documents\DIC\Main.SchDoc with SMD Capacitor from Standardbauteile.IntLib
Replace Part C13 SMD Capacitor in Y:\Technik\Technik 2022\05 - Electronics\01 - LV\02 - Digital Circuits\06 - DIC\02 - Altium-Documents\DIC\Main.SchDoc with SMD Capacitor from Standardbauteile.IntLib
Replace Part C14 SMD Capacitor in Y:\Technik\Technik 2022\05 - Electronics\01 - LV\02 - Digital Circuits\06 - DIC\02 - Altium-Documents\DIC\Main.SchDoc with SMD Capacitor from Standardbauteile.IntLib
Replace Part C15 SMD Capacitor in Y:\Technik\Technik 2022\05 - Electronics\01 - LV\02 - Digital Circuits\06 - DIC\02 - Altium-Documents\DIC\Main.SchDoc with SMD Capacitor from Standardbauteile.IntLib
Replace Part C16 SMD Capacitor in Y:\Technik\Technik 2022\05 - Electronics\01 - LV\02 - Digital Circuits\06 - DIC\02 - Altium-Documents\DIC\Main.SchDoc with SMD Capacitor from Standardbauteile.IntLib
Replace Part C17 SMD Capacitor in Y:\Technik\Technik 2022\05 - Electronics\01 - LV\02 - Digital Circuits\06 - DIC\02 - Altium-Documents\DIC\Main.SchDoc with SMD Capacitor from Standardbauteile.IntLib
Replace Part C18 SMD Capacitor in Y:\Technik\Technik 2022\05 - Electronics\01 - LV\02 - Digital Circuits\06 - DIC\02 - Altium-Documents\DIC\Main.SchDoc with SMD Capacitor from Standardbauteile.IntLib
Replace Part C19 SMD Capacitor in Y:\Technik\Technik 2022\05 - Electronics\01 - LV\02 - Digital Circuits\06 - DIC\02 - Altium-Documents\DIC\Main.SchDoc with SMD Capacitor from Standardbauteile.IntLib
Replace Part C20 SMD Capacitor in Y:\Technik\Technik 2022\05 - Electronics\01 - LV\02 - Digital Circuits\06 - DIC\02 - Altium-Documents\DIC\Main.SchDoc with SMD Capacitor from Standardbauteile.IntLib
Update Managed Component C21 From CMP-1035-02579-1[CAP 100nF 10V 0603(1608)] To CMP-1035-02579-1[CAP 100nF 10V 0603(1608)] in Main.SchDoc
Update Managed Component C22 From CMP-1035-02579-1[CAP 100nF 10V 0603(1608)] To CMP-1035-02579-1[CAP 100nF 10V 0603(1608)] in Main.SchDoc
Replace Part C23 SMD Capacitor in Y:\Technik\Technik 2022\05 - Electronics\01 - LV\02 - Digital Circuits\06 - DIC\02 - Altium-Documents\DIC\Main.SchDoc with SMD Capacitor from Standardbauteile.IntLib
Replace Part C24 SMD Capacitor in Y:\Technik\Technik 2022\05 - Electronics\01 - LV\02 - Digital Circuits\06 - DIC\02 - Altium-Documents\DIC\Main.SchDoc with SMD Capacitor from Standardbauteile.IntLib
Replace Part C25 SMD Capacitor in Y:\Technik\Technik 2022\05 - Electronics\01 - LV\02 - Digital Circuits\06 - DIC\02 - Altium-Documents\DIC\Main.SchDoc with SMD Capacitor from Standardbauteile.IntLib
Replace Part C26 SMD Capacitor in Y:\Technik\Technik 2022\05 - Electronics\01 - LV\02 - Digital Circuits\06 - DIC\02 - Altium-Documents\DIC\Main.SchDoc with SMD Capacitor from Standardbauteile.IntLib
Replace Part C27 SMD Capacitor in Y:\Technik\Technik 2022\05 - Electronics\01 - LV\02 - Digital Circuits\06 - DIC\02 - Altium-Documents\DIC\Main.SchDoc with SMD Capacitor from Standardbauteile.IntLib
Replace Part CCTRL1 SMD Jumper open in Y:\Technik\Technik 2022\05 - Electronics\01 - LV\02 - Digital Circuits\06 - DIC\02 - Altium-Documents\DIC\Main.SchDoc with SMD Jumper open from Standardbauteile.IntLib
Replace Part DIC 43045-0400 in Y:\Technik\Technik 2022\05 - Electronics\01 - LV\02 - Digital Circuits\06 - DIC\02 - Altium-Documents\DIC\Main.SchDoc with 43045-0400 from 43045-0400.IntLib
Replace Part Display1 EA_W204-XLG in Y:\Technik\Technik 2022\05 - Electronics\01 - LV\02 - Digital Circuits\06 - DIC\02 - Altium-Documents\DIC\Main.SchDoc with EA_W204-XLG from libNico.IntLib
Update Managed Component Foult1 From CMP-1426-00003-1[150060BS75000] To CMP-1426-00003-1[150060BS75000] in Main.SchDoc
Update Managed Component Heart1 From CMP-1426-00003-1[150060BS75000] To CMP-1426-00003-1[150060BS75000] in Main.SchDoc
Update Managed Component JTAG1 From CMP-2000-07502-1[5103309-1] To CMP-2000-07502-1[5103309-1] in Main.SchDoc
Update Managed Component JTAG2 From CMP-2000-07502-1[5103309-1] To CMP-2000-07502-1[5103309-1] in Main.SchDoc
Replace Part L1 SMD Capacitor in Y:\Technik\Technik 2022\05 - Electronics\01 - LV\02 - Digital Circuits\06 - DIC\02 - Altium-Documents\DIC\Main.SchDoc with SMD Capacitor from Standardbauteile.IntLib
Replace Part L2 SMD Capacitor in Y:\Technik\Technik 2022\05 - Electronics\01 - LV\02 - Digital Circuits\06 - DIC\02 - Altium-Documents\DIC\Main.SchDoc with SMD Capacitor from Standardbauteile.IntLib
Replace Part LED_Header 61204021621 in Y:\Technik\Technik 2022\05 - Electronics\01 - LV\02 - Digital Circuits\06 - DIC\02 - Altium-Documents\DIC\Main.SchDoc with 61204021621 from Altium_WR-BHD (rev21a).IntLib
Replace Part Q1 16 MHz Quartz in Y:\Technik\Technik 2022\05 - Electronics\01 - LV\02 - Digital Circuits\06 - DIC\02 - Altium-Documents\DIC\Main.SchDoc with 16 MHz Quartz from Standardbauteile.IntLib
Replace Part R1 SMD Resistor in Y:\Technik\Technik 2022\05 - Electronics\01 - LV\02 - Digital Circuits\06 - DIC\02 - Altium-Documents\DIC\Main.SchDoc with SMD Resistor from Standardbauteile.IntLib
Replace Part R2 SMD Resistor in Y:\Technik\Technik 2022\05 - Electronics\01 - LV\02 - Digital Circuits\06 - DIC\02 - Altium-Documents\DIC\Main.SchDoc with SMD Resistor from Standardbauteile.IntLib
Replace Part R3 SMD Resistor in Y:\Technik\Technik 2022\05 - Electronics\01 - LV\02 - Digital Circuits\06 - DIC\02 - Altium-Documents\DIC\Main.SchDoc with SMD Resistor from Standardbauteile.IntLib
Replace Part R4 SMD Resistor in Y:\Technik\Technik 2022\05 - Electronics\01 - LV\02 - Digital Circuits\06 - DIC\02 - Altium-Documents\DIC\Main.SchDoc with SMD Resistor from Standardbauteile.IntLib
Replace Part R5 SMD Resistor in Y:\Technik\Technik 2022\05 - Electronics\01 - LV\02 - Digital Circuits\06 - DIC\02 - Altium-Documents\DIC\Main.SchDoc with SMD Resistor from Standardbauteile.IntLib
Replace Part R6 SMD Resistor in Y:\Technik\Technik 2022\05 - Electronics\01 - LV\02 - Digital Circuits\06 - DIC\02 - Altium-Documents\DIC\Main.SchDoc with SMD Resistor from Standardbauteile.IntLib
Replace Part R7 SMD Resistor in Y:\Technik\Technik 2022\05 - Electronics\01 - LV\02 - Digital Circuits\06 - DIC\02 - Altium-Documents\DIC\Main.SchDoc with SMD Resistor from Standardbauteile.IntLib
Replace Part R8 SMD Resistor in Y:\Technik\Technik 2022\05 - Electronics\01 - LV\02 - Digital Circuits\06 - DIC\02 - Altium-Documents\DIC\Main.SchDoc with SMD Resistor from Standardbauteile.IntLib
Replace Part R9 SMD Resistor in Y:\Technik\Technik 2022\05 - Electronics\01 - LV\02 - Digital Circuits\06 - DIC\02 - Altium-Documents\DIC\Main.SchDoc with SMD Resistor from Standardbauteile.IntLib
Replace Part R10 SMD Resistor in Y:\Technik\Technik 2022\05 - Electronics\01 - LV\02 - Digital Circuits\06 - DIC\02 - Altium-Documents\DIC\Main.SchDoc with SMD Resistor from Standardbauteile.IntLib
Replace Part R11 SMD Resistor in Y:\Technik\Technik 2022\05 - Electronics\01 - LV\02 - Digital Circuits\06 - DIC\02 - Altium-Documents\DIC\Main.SchDoc with SMD Resistor from Standardbauteile.IntLib
Replace Part R12 SMD Resistor in Y:\Technik\Technik 2022\05 - Electronics\01 - LV\02 - Digital Circuits\06 - DIC\02 - Altium-Documents\DIC\Main.SchDoc with SMD Resistor from Standardbauteile.IntLib
Replace Part R13 SMD Resistor in Y:\Technik\Technik 2022\05 - Electronics\01 - LV\02 - Digital Circuits\06 - DIC\02 - Altium-Documents\DIC\Main.SchDoc with SMD Resistor from Standardbauteile.IntLib
Replace Part R14 SMD Resistor in Y:\Technik\Technik 2022\05 - Electronics\01 - LV\02 - Digital Circuits\06 - DIC\02 - Altium-Documents\DIC\Main.SchDoc with SMD Resistor from Standardbauteile.IntLib
Replace Part R15 SMD Resistor in Y:\Technik\Technik 2022\05 - Electronics\01 - LV\02 - Digital Circuits\06 - DIC\02 - Altium-Documents\DIC\Main.SchDoc with SMD Resistor from Standardbauteile.IntLib
Replace Part R16 SMD Resistor in Y:\Technik\Technik 2022\05 - Electronics\01 - LV\02 - Digital Circuits\06 - DIC\02 - Altium-Documents\DIC\Main.SchDoc with SMD Resistor from Standardbauteile.IntLib
Replace Part R17 SMD Resistor in Y:\Technik\Technik 2022\05 - Electronics\01 - LV\02 - Digital Circuits\06 - DIC\02 - Altium-Documents\DIC\Main.SchDoc with SMD Resistor from Standardbauteile.IntLib
Replace Part R18 SMD Resistor in Y:\Technik\Technik 2022\05 - Electronics\01 - LV\02 - Digital Circuits\06 - DIC\02 - Altium-Documents\DIC\Main.SchDoc with SMD Resistor from Standardbauteile.IntLib
Replace Part R19 SMD Resistor in Y:\Technik\Technik 2022\05 - Electronics\01 - LV\02 - Digital Circuits\06 - DIC\02 - Altium-Documents\DIC\Main.SchDoc with SMD Resistor from Standardbauteile.IntLib
Replace Part R20 SMD Resistor in Y:\Technik\Technik 2022\05 - Electronics\01 - LV\02 - Digital Circuits\06 - DIC\02 - Altium-Documents\DIC\Main.SchDoc with SMD Resistor from Standardbauteile.IntLib
Replace Part R21 SMD Resistor in Y:\Technik\Technik 2022\05 - Electronics\01 - LV\02 - Digital Circuits\06 - DIC\02 - Altium-Documents\DIC\Main.SchDoc with SMD Resistor from Standardbauteile.IntLib
Update Managed Component R22 From CMP-2000-03887-2[CRCW0603130KFKEA] To CMP-2000-03887-2[CRCW0603130KFKEA] in Main.SchDoc
Replace Part R23 SMD Resistor in Y:\Technik\Technik 2022\05 - Electronics\01 - LV\02 - Digital Circuits\06 - DIC\02 - Altium-Documents\DIC\Main.SchDoc with SMD Resistor from Standardbauteile.IntLib
Update Managed Component R24 From CMP-2000-03887-2[CRCW0603130KFKEA] To CMP-2000-03887-2[CRCW0603130KFKEA] in Main.SchDoc
Replace Part R25 SMD Resistor in Y:\Technik\Technik 2022\05 - Electronics\01 - LV\02 - Digital Circuits\06 - DIC\02 - Altium-Documents\DIC\Main.SchDoc with SMD Resistor from Standardbauteile.IntLib
Update Managed Component R26 From CMP-2100-03663-1[RC0603FR-07100RL] To CMP-2100-03663-1[RC0603FR-07100RL] in Main.SchDoc
Replace Part R27 SMD Resistor in Y:\Technik\Technik 2022\05 - Electronics\01 - LV\02 - Digital Circuits\06 - DIC\02 - Altium-Documents\DIC\Main.SchDoc with SMD Resistor from Standardbauteile.IntLib
Replace Part R28 SMD Resistor in Y:\Technik\Technik 2022\05 - Electronics\01 - LV\02 - Digital Circuits\06 - DIC\02 - Altium-Documents\DIC\Main.SchDoc with SMD Resistor from Standardbauteile.IntLib
Replace Part R29 SMD Resistor in Y:\Technik\Technik 2022\05 - Electronics\01 - LV\02 - Digital Circuits\06 - DIC\02 - Altium-Documents\DIC\Main.SchDoc with SMD Resistor from Standardbauteile.IntLib
Replace Part R30 SMD Resistor in Y:\Technik\Technik 2022\05 - Electronics\01 - LV\02 - Digital Circuits\06 - DIC\02 - Altium-Documents\DIC\Main.SchDoc with SMD Resistor from Standardbauteile.IntLib
Replace Part R31 SMD Resistor in Y:\Technik\Technik 2022\05 - Electronics\01 - LV\02 - Digital Circuits\06 - DIC\02 - Altium-Documents\DIC\Main.SchDoc with SMD Resistor from Standardbauteile.IntLib
Replace Part R32 SMD Resistor in Y:\Technik\Technik 2022\05 - Electronics\01 - LV\02 - Digital Circuits\06 - DIC\02 - Altium-Documents\DIC\Main.SchDoc with SMD Resistor from Standardbauteile.IntLib
Replace Part R33 SMD Resistor in Y:\Technik\Technik 2022\05 - Electronics\01 - LV\02 - Digital Circuits\06 - DIC\02 - Altium-Documents\DIC\Main.SchDoc with SMD Resistor from Standardbauteile.IntLib
Replace Part R34 SMD Resistor in Y:\Technik\Technik 2022\05 - Electronics\01 - LV\02 - Digital Circuits\06 - DIC\02 - Altium-Documents\DIC\Main.SchDoc with SMD Resistor from Standardbauteile.IntLib
Replace Part R35 SMD Resistor in Y:\Technik\Technik 2022\05 - Electronics\01 - LV\02 - Digital Circuits\06 - DIC\02 - Altium-Documents\DIC\Main.SchDoc with SMD Resistor from Standardbauteile.IntLib
Replace Part R36 SMD Resistor in Y:\Technik\Technik 2022\05 - Electronics\01 - LV\02 - Digital Circuits\06 - DIC\02 - Altium-Documents\DIC\Main.SchDoc with SMD Resistor from Standardbauteile.IntLib
Replace Part R37 SMD Resistor in Y:\Technik\Technik 2022\05 - Electronics\01 - LV\02 - Digital Circuits\06 - DIC\02 - Altium-Documents\DIC\Main.SchDoc with SMD Resistor from Standardbauteile.IntLib
Replace Part R38 SMD Resistor in Y:\Technik\Technik 2022\05 - Electronics\01 - LV\02 - Digital Circuits\06 - DIC\02 - Altium-Documents\DIC\Main.SchDoc with SMD Resistor from Standardbauteile.IntLib
Replace Part R39 SMD Resistor in Y:\Technik\Technik 2022\05 - Electronics\01 - LV\02 - Digital Circuits\06 - DIC\02 - Altium-Documents\DIC\Main.SchDoc with SMD Resistor from Standardbauteile.IntLib
Replace Part R40 SMD Resistor in Y:\Technik\Technik 2022\05 - Electronics\01 - LV\02 - Digital Circuits\06 - DIC\02 - Altium-Documents\DIC\Main.SchDoc with SMD Resistor from Standardbauteile.IntLib
Replace Part R41 SMD Resistor in Y:\Technik\Technik 2022\05 - Electronics\01 - LV\02 - Digital Circuits\06 - DIC\02 - Altium-Documents\DIC\Main.SchDoc with SMD Resistor from Standardbauteile.IntLib
Replace Part R42 SMD Resistor in Y:\Technik\Technik 2022\05 - Electronics\01 - LV\02 - Digital Circuits\06 - DIC\02 - Altium-Documents\DIC\Main.SchDoc with SMD Resistor from Standardbauteile.IntLib
Replace Part R43 SMD Resistor in Y:\Technik\Technik 2022\05 - Electronics\01 - LV\02 - Digital Circuits\06 - DIC\02 - Altium-Documents\DIC\Main.SchDoc with SMD Resistor from Standardbauteile.IntLib
Replace Part R44 SMD Resistor in Y:\Technik\Technik 2022\05 - Electronics\01 - LV\02 - Digital Circuits\06 - DIC\02 - Altium-Documents\DIC\Main.SchDoc with SMD Resistor from Standardbauteile.IntLib
Replace Part R45 SMD Resistor in Y:\Technik\Technik 2022\05 - Electronics\01 - LV\02 - Digital Circuits\06 - DIC\02 - Altium-Documents\DIC\Main.SchDoc with SMD Resistor from Standardbauteile.IntLib
Replace Part R46 SMD Resistor in Y:\Technik\Technik 2022\05 - Electronics\01 - LV\02 - Digital Circuits\06 - DIC\02 - Altium-Documents\DIC\Main.SchDoc with SMD Resistor from Standardbauteile.IntLib
Replace Part R47 SMD Resistor in Y:\Technik\Technik 2022\05 - Electronics\01 - LV\02 - Digital Circuits\06 - DIC\02 - Altium-Documents\DIC\Main.SchDoc with SMD Resistor from Standardbauteile.IntLib
Replace Part R48 SMD Resistor in Y:\Technik\Technik 2022\05 - Electronics\01 - LV\02 - Digital Circuits\06 - DIC\02 - Altium-Documents\DIC\Main.SchDoc with SMD Resistor from Standardbauteile.IntLib
Replace Part R49 SMD Resistor in Y:\Technik\Technik 2022\05 - Electronics\01 - LV\02 - Digital Circuits\06 - DIC\02 - Altium-Documents\DIC\Main.SchDoc with SMD Resistor from Standardbauteile.IntLib
Replace Part R50 SMD Resistor in Y:\Technik\Technik 2022\05 - Electronics\01 - LV\02 - Digital Circuits\06 - DIC\02 - Altium-Documents\DIC\Main.SchDoc with SMD Resistor from Standardbauteile.IntLib
Replace Part R51 SMD Resistor in Y:\Technik\Technik 2022\05 - Electronics\01 - LV\02 - Digital Circuits\06 - DIC\02 - Altium-Documents\DIC\Main.SchDoc with SMD Resistor from Standardbauteile.IntLib
Replace Part R52 SMD Resistor in Y:\Technik\Technik 2022\05 - Electronics\01 - LV\02 - Digital Circuits\06 - DIC\02 - Altium-Documents\DIC\Main.SchDoc with SMD Resistor from Standardbauteile.IntLib
Replace Part R53 SMD Resistor in Y:\Technik\Technik 2022\05 - Electronics\01 - LV\02 - Digital Circuits\06 - DIC\02 - Altium-Documents\DIC\Main.SchDoc with SMD Resistor from Standardbauteile.IntLib
Replace Part R54 SMD Resistor in Y:\Technik\Technik 2022\05 - Electronics\01 - LV\02 - Digital Circuits\06 - DIC\02 - Altium-Documents\DIC\Main.SchDoc with SMD Resistor from Standardbauteile.IntLib
Replace Part SD_TS 43045-0400 in Y:\Technik\Technik 2022\05 - Electronics\01 - LV\02 - Digital Circuits\06 - DIC\02 - Altium-Documents\DIC\Main.SchDoc with 43045-0400 from 43045-0400.IntLib
Replace Part SWC 43045-0400 in Y:\Technik\Technik 2022\05 - Electronics\01 - LV\02 - Digital Circuits\06 - DIC\02 - Altium-Documents\DIC\Main.SchDoc with 43045-0400 from 43045-0400.IntLib
Replace Part U ATMEGA16-16AUR in Y:\Technik\Technik 2022\05 - Electronics\01 - LV\02 - Digital Circuits\06 - DIC\02 - Altium-Documents\DIC\Main.SchDoc with ATMEGA16-16AUR from LibMoritz.IntLib
Replace Part U1 AT90CAN128-16AI in Y:\Technik\Technik 2022\05 - Electronics\01 - LV\02 - Digital Circuits\06 - DIC\02 - Altium-Documents\DIC\Main.SchDoc with AT90CAN128-16AI from Eric.IntLib
Replace Part U2 R-78E05-1.0 in Y:\Technik\Technik 2022\05 - Electronics\01 - LV\02 - Digital Circuits\06 - DIC\02 - Altium-Documents\DIC\Main.SchDoc with R-78E05-1.0 from Standardbauteile.IntLib
Replace Part U3 MCP2551-I/SN in Y:\Technik\Technik 2022\05 - Electronics\01 - LV\02 - Digital Circuits\06 - DIC\02 - Altium-Documents\DIC\Main.SchDoc with MCP2551-I/SN from Eric.IntLib
Replace Part U4 MCP130T-450I/TT in Y:\Technik\Technik 2022\05 - Electronics\01 - LV\02 - Digital Circuits\06 - DIC\02 - Altium-Documents\DIC\Main.SchDoc with MCP130T-450I/TT from Eric.IntLib
Replace Part U5 MCP130T-450I/TT in Y:\Technik\Technik 2022\05 - Electronics\01 - LV\02 - Digital Circuits\06 - DIC\02 - Altium-Documents\DIC\Main.SchDoc with MCP130T-450I/TT from Eric.IntLib
