Removed Pin From Net: NetName=+24V Pin=CAN_3_1-1
Removed Pin From Net: NetName=GND Pin=CAN_3_1-2
Removed Pin From Net: NetName=CAN_P Pin=CAN_3_1-3
Removed Pin From Net: NetName=CAN_N Pin=CAN_3_1-4
Removed Pin From Net: NetName=+24V Pin=DIC_1-1
Removed Pin From Net: NetName=GND Pin=DIC_1-2
Removed Pin From Net: NetName=CAN_P Pin=DIC_1-3
Removed Pin From Net: NetName=CAN_N Pin=DIC_1-4
Removed Pin From Net: NetName=GND Pin=R28_1-2
Removed Pin From Net: NetName=TS_on Pin=SD_TS_1-1
Removed Pin From Net: NetName=TS_start Pin=SD_TS_1-2
Removed Pin From Net: NetName=GND Pin=SD_TS_1-3
Removed Pin From Net: NetName=GND Pin=SD_TS_1-4
Removed Pin From Net: NetName=GND Pin=SD_TS_1-5
Removed Pin From Net: NetName=TS_LED Pin=SD_TS_1-6
Removed Pin From Net: NetName=BOTS_in Pin=SD_TS_1-7
Removed Pin From Net: NetName=Inertia_in Pin=SD_TS_1-8
Removed Pin From Net: NetName=SDB_Dashboard Pin=SD_TS_1-9
Removed Pin From Net: NetName=+24V Pin=SWC_1-1
Removed Pin From Net: NetName=GND Pin=SWC_1-2
Removed Pin From Net: NetName=CAN_P Pin=SWC_1-3
Removed Pin From Net: NetName=CAN_N Pin=SWC_1-4
Removed Member From Class: ClassName=Mainboard Member=CAN_3_1
Removed Member From Class: ClassName=Mainboard Member=DIC_1
Removed Member From Class: ClassName=Mainboard Member=R28_1
Removed Member From Class: ClassName=Mainboard Member=SD_TS_1
Removed Member From Class: ClassName=Mainboard Member=SWC_1
Added Room: Name=Mainboard
