Added Component: Designator=SD_TS(43045-1000)
Add component (AddParameter): Name = "Availability"; Value = "In Stock"; VariantName = "[No Variations]"
Add component (AddParameter): Name = "Check_prices"; Value = "https://www.snapeda.com/parts/430451000/Molex/view-part/4593745/?ref=eda"; VariantName = "[No Variations]"
Add component (AddParameter): Name = "MF"; Value = "Molex"; VariantName = "[No Variations]"
Add component (AddParameter): Name = "MP"; Value = "430451000"; VariantName = "[No Variations]"
Add component (AddParameter): Name = "Package"; Value = "None"; VariantName = "[No Variations]"
Add component (AddParameter): Name = "Price"; Value = "None"; VariantName = "[No Variations]"
Add component (AddParameter): Name = "SnapEDA_Link"; Value = "https://www.snapeda.com/parts/430451000/Molex/view-part/4593745/?ref=snap"; VariantName = "[No Variations]"
Add component (AddParameter): Name = "Value"; Value = ""; VariantName = "[No Variations]"
Added Pin To Net: NetName=BOTS_in Pin=SD_TS-1
Added Pin To Net: NetName=Inertia_in Pin=SD_TS-2
Added Pin To Net: NetName=SDB_Dashboard Pin=SD_TS-3
Added Pin To Net: NetName=TS_start Pin=SD_TS-4
Added Pin To Net: NetName=TS_on Pin=SD_TS-5
Added Pin To Net: NetName=TS_LED Pin=SD_TS-6
Added Pin To Net: NetName=GND Pin=SD_TS-7
Added Pin To Net: NetName=GND Pin=SD_TS-8
Added Pin To Net: NetName=GND Pin=SD_TS-9
Added Member To Class: ClassName=Main Member=Component SD_TS 43045-1000
Added Room: Name=Main
