Removed Pin From Net: NetName=GND Pin=Display1-NC
Removed Pin From Net: NetName=GND Pin=Display1-NC
Removed Pin From Net: NetName=GND Pin=Display1-NC
Removed Pin From Net: NetName=GND Pin=Display1-NC
Change Component Designator: OldDesignator=CAN_3 NewDesignator=CAN_3_1
Change Component Designator: OldDesignator=DIC NewDesignator=DIC_1
Change Component Designator: OldDesignator=R28 NewDesignator=R28_1
Change Component Designator: OldDesignator=SD_TS NewDesignator=SD_TS_1
Change Component Designator: OldDesignator=SWC NewDesignator=SWC_1
Change Component Description : Designator=CAN_3_1 Old Description=Connector Wire to Board Header 4 Position 3mm Solder Straight Thru-Hole Tray New Description=Micro-Fit 3.0 Vertical Header, 3.00mm Pitch, Dual Row, 4 Circuits, with PCB Press-fit Metal Retention Clip, Tin, Glow-Wire Capable, Black
Change Component Description : Designator=DIC_1 Old Description=Connector Wire to Board Header 4 Position 3mm Solder Straight Thru-Hole Tray New Description=Micro-Fit 3.0 Vertical Header, 3.00mm Pitch, Dual Row, 4 Circuits, with PCB Press-fit Metal Retention Clip, Tin, Glow-Wire Capable, Black
Change Component Description : Designator=SWC_1 Old Description=Connector Wire to Board Header 4 Position 3mm Solder Straight Thru-Hole Tray New Description=Micro-Fit 3.0 Vertical Header, 3.00mm Pitch, Dual Row, 4 Circuits, with PCB Press-fit Metal Retention Clip, Tin, Glow-Wire Capable, Black
Change Component Library : Designator=SD_TS_1 Old Library=molex_43045.SchLib New Library=molex_43045.IntLib
Added Component: Designator=CAN_3(43045-0412)
Added Component: Designator=DIC(43045-0412)
Added Component: Designator=R28(STACKPOLE CSR0603)
Add component (AddParameter): Name = "Value"; Value = "470"; VariantName = "[No Variations]"
Added Component: Designator=SD_TS(43045-1012)
Added Component: Designator=SWC(43045-0412)
Added Pin To Net: NetName=CAN_N Pin=CAN_3-1
Added Pin To Net: NetName=CAN_P Pin=CAN_3-2
Added Pin To Net: NetName=GND Pin=CAN_3-3
Added Pin To Net: NetName=+24V Pin=CAN_3-4
Added Pin To Net: NetName=CAN_N Pin=DIC-1
Added Pin To Net: NetName=CAN_P Pin=DIC-2
Added Pin To Net: NetName=GND Pin=DIC-3
Added Pin To Net: NetName=+24V Pin=DIC-4
Added Pin To Net: NetName=GND Pin=R28-2
Added Pin To Net: NetName=TS_on Pin=SD_TS-1
Added Pin To Net: NetName=TS_start Pin=SD_TS-2
Added Pin To Net: NetName=GND Pin=SD_TS-3
Added Pin To Net: NetName=GND Pin=SD_TS-4
Added Pin To Net: NetName=GND Pin=SD_TS-5
Added Pin To Net: NetName=TS_LED Pin=SD_TS-6
Added Pin To Net: NetName=BOTS_in Pin=SD_TS-7
Added Pin To Net: NetName=Inertia_in Pin=SD_TS-8
Added Pin To Net: NetName=SDB_Dashboard Pin=SD_TS-9
Added Pin To Net: NetName=CAN_N Pin=SWC-1
Added Pin To Net: NetName=CAN_P Pin=SWC-2
Added Pin To Net: NetName=GND Pin=SWC-3
Added Pin To Net: NetName=+24V Pin=SWC-4
Change Net Name : Old Net Name=NetR28_1 New Net Name=NetR28_1_1
Added Pin To Net: NetName=NetR28_1 Pin=R28-1
Added Pin To Net: NetName=NetR28_1 Pin=SD_TS-10
Added Net: Name=NetR28_1
Added Member To Class: ClassName=Mainboard Member=Component CAN_3_1 43045-0424
Added Member To Class: ClassName=Mainboard Member=Component DIC_1 43045-0424
Added Member To Class: ClassName=Mainboard Member=Component R28_1 SMD Resistor
Added Member To Class: ClassName=Mainboard Member=Component SD_TS_1 43045-1024
Added Member To Class: ClassName=Mainboard Member=Component SWC_1 43045-0424
Added Room: Name=Mainboard
