Removed Pin From Net: NetName=GND Pin=Display1-NC
Removed Pin From Net: NetName=GND Pin=Display1-NC
Removed Pin From Net: NetName=GND Pin=Display1-NC
Removed Pin From Net: NetName=GND Pin=Display1-NC
Removed Pin From Net: NetName=NetR9_2 Pin=U1-2
Removed Pin From Net: NetName=NetR8_2 Pin=U1-3
Removed Pin From Net: NetName=NetR6_1 Pin=U1-4
Removed Pin From Net: NetName=NetR3_1 Pin=U1-5
Removed Pin From Net: NetName=NetR12_2 Pin=U1-6
Removed Pin From Net: NetName=NetR23_1 Pin=U1-7
Removed Pin From Net: NetName=NetR15_2 Pin=U1-8
Removed Pin From Net: NetName=NetR17_2 Pin=U1-9
Removed Pin From Net: NetName=NetR19_2 Pin=U1-35
Removed Pin From Net: NetName=NetR21_2 Pin=U1-36
Removed Pin From Net: NetName=NetR27_1 Pin=U1-37
Removed Pin From Net: NetName=NetR25_1 Pin=U1-38
Removed Pin From Net: NetName=NetR46_2 Pin=U1-39
Removed Pin From Net: NetName=NetR48_2 Pin=U1-40
Removed Pin From Net: NetName=NetR50_2 Pin=U1-41
Removed Pin From Net: NetName=NetR52_2 Pin=U1-42
Removed Pin From Net: NetName=CS_RGB_Left Pin=U1-48
Added Pin To Net: NetName=NetR17_2 Pin=U1-2
Added Pin To Net: NetName=NetR15_2 Pin=U1-3
Added Pin To Net: NetName=NetR23_1 Pin=U1-4
Added Pin To Net: NetName=NetR12_2 Pin=U1-5
Added Pin To Net: NetName=NetR3_1 Pin=U1-6
Added Pin To Net: NetName=NetR6_1 Pin=U1-7
Added Pin To Net: NetName=NetR8_2 Pin=U1-8
Added Pin To Net: NetName=NetR9_2 Pin=U1-9
Added Pin To Net: NetName=NetR52_2 Pin=U1-35
Added Pin To Net: NetName=NetR50_2 Pin=U1-36
Added Pin To Net: NetName=NetR48_2 Pin=U1-37
Added Pin To Net: NetName=NetR46_2 Pin=U1-38
Added Pin To Net: NetName=NetR25_1 Pin=U1-39
Added Pin To Net: NetName=NetR27_1 Pin=U1-40
Added Pin To Net: NetName=NetR21_2 Pin=U1-41
Added Pin To Net: NetName=NetR19_2 Pin=U1-42
Added Pin To Net: NetName=CS_RGB_Left Pin=U1-43
Change Class Name : Old Net Name=Mainboard V2 New Net Name=Mainboard
