Remove Pin=D1-2 From Net=batt_led_1
Remove Pin=D2-2 From Net=free_led_1
Remove Pin=D3-2 From Net=free_led_2
Remove Pin=D4-2 From Net=free_led_3
Remove Pin=D5-2 From Net=free_led_4
Remove Pin=D6-2 From Net=batt_led_2
Remove Pin=D7-2 From Net=batt_led_5
Remove Pin=D8-2 From Net=batt_led_3
Remove Pin=D9-2 From Net=batt_led_4
Remove Pin=D10-2 From Net=batt_led_6
Remove Pin=D11-2 From Net=batt_led_7
Remove Pin=D12-2 From Net=batt_led_8
Remove Pin=D13-2 From Net=batt_led_9
Remove Pin=D14-2 From Net=batt_led_10
Remove Pin=D15-2 From Net=free_led_5
Remove Pin=D16-2 From Net=info_led_1
Remove Pin=D17-2 From Net=info_led_2
Remove Pin=D18-2 From Net=info_led_3
Remove Pin=D19-2 From Net=info_led_4
Remove Pin=D20-2 From Net=info_led_5
Remove Pin=D21-2 From Net=info_led_6
Remove Pin=D22-1 From Net=tire_led_fl_red
Remove Pin=D22-2 From Net=tire_led_fl_green
Remove Pin=D22-3 From Net=tire_led_fl_blue
Remove Pin=D23-1 From Net=tire_led_fr_red
Remove Pin=D23-2 From Net=tire_led_fr_green
Remove Pin=D23-3 From Net=tire_led_fr_blue
Remove Pin=D24-1 From Net=tire_led_fl_red
Remove Pin=D24-2 From Net=tire_led_fl_green
Remove Pin=D24-3 From Net=tire_led_fl_blue
Remove Pin=D25-1 From Net=tire_led_fr_red
Remove Pin=D25-2 From Net=tire_led_fr_green
Remove Pin=D25-3 From Net=tire_led_fr_blue
Remove Pin=D26-1 From Net=tire_led_rl_red
Remove Pin=D26-2 From Net=tire_led_rl_green
Remove Pin=D26-3 From Net=tire_led_rl_blue
Remove Pin=D27-1 From Net=tire_led_rr_red
Remove Pin=D27-2 From Net=tire_led_rr_green
Remove Pin=D27-3 From Net=tire_led_rr_blue
Remove Pin=D28-1 From Net=tire_led_rl_red
Remove Pin=D28-2 From Net=tire_led_rl_green
Remove Pin=D28-3 From Net=tire_led_rl_blue
Remove Pin=D29-1 From Net=tire_led_rr_red
Remove Pin=D29-2 From Net=tire_led_rr_green
Remove Pin=D29-3 From Net=tire_led_rr_blue
Remove Pin=JTAG2-1 From Net=JTAG_TCK
Remove Pin=JTAG2-3 From Net=JTAG_TDO
Remove Pin=JTAG2-5 From Net=JTAG_TMS
Remove Pin=JTAG2-6 From Net=Reset_uC
Remove Pin=JTAG2-9 From Net=JTAG_TDI
Remove Pin=Main_Header-3 From Net=info_led_6
Remove Pin=Main_Header-4 From Net=free_led_1
Remove Pin=Main_Header-5 From Net=info_led_5
Remove Pin=Main_Header-6 From Net=free_led_2
Remove Pin=Main_Header-7 From Net=info_led_4
Remove Pin=Main_Header-8 From Net=free_led_3
Remove Pin=Main_Header-9 From Net=info_led_3
Remove Pin=Main_Header-10 From Net=free_led_4
Remove Pin=Main_Header-11 From Net=info_led_2
Remove Pin=Main_Header-12 From Net=free_led_5
Remove Pin=Main_Header-13 From Net=info_led_1
Remove Pin=Main_Header-14 From Net=batt_led_1
Remove Pin=Main_Header-16 From Net=batt_led_2
Remove Pin=Main_Header-17 From Net=led_address_2
Remove Pin=Main_Header-18 From Net=batt_led_3
Remove Pin=Main_Header-19 From Net=led_address_1
Remove Pin=Main_Header-20 From Net=batt_led_4
Remove Pin=Main_Header-21 From Net=led_address_0
Remove Pin=Main_Header-22 From Net=batt_led_5
Remove Pin=Main_Header-23 From Net=MOSI
Remove Pin=Main_Header-24 From Net=batt_led_6
Remove Pin=Main_Header-25 From Net=MISO
Remove Pin=Main_Header-26 From Net=batt_led_7
Remove Pin=Main_Header-27 From Net=SCK
Remove Pin=Main_Header-28 From Net=batt_led_8
Remove Pin=Main_Header-29 From Net=SS
Remove Pin=Main_Header-30 From Net=batt_led_9
Remove Pin=Main_Header-32 From Net=batt_led_10
Remove Pin=R28-2 From Net=tire_led_rl_blue
Remove Pin=R29-2 From Net=tire_led_fl_blue
Remove Pin=R30-2 From Net=tire_led_fl_red
Remove Pin=R31-2 From Net=tire_led_fl_green
Remove Pin=R32-2 From Net=tire_led_rl_green
Remove Pin=R34-2 From Net=tire_led_rl_red
Remove Pin=R36-2 From Net=tire_led_rr_blue
Remove Pin=R38-2 From Net=tire_led_fr_blue
Remove Pin=R39-2 From Net=tire_led_fr_red
Remove Pin=R41-2 From Net=tire_led_fr_green
Remove Pin=R42-2 From Net=tire_led_rr_green
Remove Pin=R43-2 From Net=tire_led_rr_red
Remove Pin=Tire_LEDs-7 From Net=SS
Remove Pin=Tire_LEDs-8 From Net=SCK
Remove Pin=Tire_LEDs-9 From Net=MISO
Remove Pin=Tire_LEDs-10 From Net=MOSI
Remove Pin=Tire_LEDs-11 From Net=led_address_0
Remove Pin=Tire_LEDs-12 From Net=led_address_1
Remove Pin=Tire_LEDs-13 From Net=led_address_2
