Remove Pin=D1-2 From Net=batt_led_1
Remove Pin=D2-2 From Net=free_led_1
Remove Pin=D3-2 From Net=free_led_2
Remove Pin=D4-2 From Net=free_led_3
Remove Pin=D5-2 From Net=free_led_4
Remove Pin=D6-2 From Net=batt_led_2
Remove Pin=D7-2 From Net=batt_led_5
Remove Pin=D8-2 From Net=batt_led_3
Remove Pin=D9-2 From Net=batt_led_4
Remove Pin=D10-2 From Net=batt_led_6
Remove Pin=D11-2 From Net=batt_led_7
Remove Pin=D12-2 From Net=batt_led_8
Remove Pin=D13-2 From Net=batt_led_9
Remove Pin=D14-2 From Net=batt_led_10
Remove Pin=D16-2 From Net=info_led_1
Remove Pin=D17-2 From Net=info_led_2
Remove Pin=D18-2 From Net=info_led_3
Remove Pin=D19-2 From Net=info_led_4
Remove Pin=D20-2 From Net=info_led_5
Remove Pin=D21-2 From Net=info_led_6
Remove Pin=D22-1 From Net=tire_led_fl_red
Remove Pin=D22-2 From Net=tire_led_fl_green
Remove Pin=D22-3 From Net=tire_led_fl_blue
Remove Pin=D23-1 From Net=tire_led_fl_red
Remove Pin=D23-2 From Net=tire_led_fl_green
Remove Pin=D23-3 From Net=tire_led_fl_blue
Remove Pin=D24-1 From Net=tire_led_fr_red
Remove Pin=D24-2 From Net=tire_led_fr_green
Remove Pin=D24-3 From Net=tire_led_fr_blue
Remove Pin=D25-1 From Net=tire_led_fr_red
Remove Pin=D25-2 From Net=tire_led_fr_green
Remove Pin=D25-3 From Net=tire_led_fr_blue
Remove Pin=D26-1 From Net=tire_led_rl_red
Remove Pin=D26-2 From Net=tire_led_rl_green
Remove Pin=D26-3 From Net=tire_led_rl_blue
Remove Pin=D27-1 From Net=tire_led_rl_red
Remove Pin=D27-2 From Net=tire_led_rl_green
Remove Pin=D27-3 From Net=tire_led_rl_blue
Remove Pin=D28-1 From Net=tire_led_rr_red
Remove Pin=D28-2 From Net=tire_led_rr_green
Remove Pin=D28-3 From Net=tire_led_rr_blue
Remove Pin=D29-1 From Net=tire_led_rr_red
Remove Pin=D29-2 From Net=tire_led_rr_green
Remove Pin=D29-3 From Net=tire_led_rr_blue
Remove Pin=DIC-3 From Net=CAN_P
Remove Pin=DIC-4 From Net=CAN_N
Remove Pin=Display1-4 From Net=Register_Select
Remove Pin=Display1-5 From Net=Read_Write
Remove Pin=Display1-6 From Net=Enable
Remove Pin=Display1-7 From Net=Display_1
Remove Pin=Display1-8 From Net=Display_2
Remove Pin=Display1-9 From Net=Display_3
Remove Pin=Display1-10 From Net=Display_4
Remove Pin=Display1-11 From Net=Display_5
Remove Pin=Display1-12 From Net=Display_6
Remove Pin=Display1-13 From Net=Display_7
Remove Pin=Display1-14 From Net=Display_8
Remove Pin=JTAG1-1 From Net=JTAG_TCK
Remove Pin=JTAG1-3 From Net=JTAG_TDO
Remove Pin=JTAG1-5 From Net=JTAG_TMS
Remove Pin=JTAG1-6 From Net=Reset_uC
Remove Pin=JTAG1-9 From Net=JTAG_TDI
Remove Pin=JTAG2-1 From Net=JTAG_TCK_LED
Remove Pin=JTAG2-3 From Net=JTAG_TDO_LED
Remove Pin=JTAG2-5 From Net=JTAG_TMS_LED
Remove Pin=JTAG2-6 From Net=Reset_uC_LED
Remove Pin=JTAG2-9 From Net=JTAG_TDI_LED
Remove Pin=LED_Header-3 From Net=free_led_1
Remove Pin=LED_Header-4 From Net=tire_led_rl_red
Remove Pin=LED_Header-5 From Net=free_led_2
Remove Pin=LED_Header-6 From Net=tire_led_rl_green
Remove Pin=LED_Header-7 From Net=free_led_3
Remove Pin=LED_Header-8 From Net=tire_led_rl_blue
Remove Pin=LED_Header-9 From Net=free_led_4
Remove Pin=LED_Header-10 From Net=tire_led_fl_red
Remove Pin=LED_Header-12 From Net=tire_led_fl_green
Remove Pin=LED_Header-13 From Net=batt_led_1
Remove Pin=LED_Header-14 From Net=tire_led_fl_blue
Remove Pin=LED_Header-15 From Net=batt_led_2
Remove Pin=LED_Header-16 From Net=tire_led_fr_red
Remove Pin=LED_Header-18 From Net=tire_led_fr_green
Remove Pin=LED_Header-19 From Net=batt_led_4
Remove Pin=LED_Header-20 From Net=tire_led_fr_blue
Remove Pin=LED_Header-21 From Net=batt_led_5
Remove Pin=LED_Header-22 From Net=tire_led_rr_red
Remove Pin=LED_Header-23 From Net=batt_led_6
Remove Pin=LED_Header-24 From Net=tire_led_rr_green
Remove Pin=LED_Header-25 From Net=batt_led_7
Remove Pin=LED_Header-26 From Net=tire_led_rr_blue
Remove Pin=LED_Header-27 From Net=batt_led_8
Remove Pin=LED_Header-28 From Net=info_led_1
Remove Pin=LED_Header-29 From Net=batt_led_9
Remove Pin=LED_Header-30 From Net=info_led_2
Remove Pin=LED_Header-31 From Net=batt_led_10
Remove Pin=LED_Header-32 From Net=info_led_3
Remove Pin=LED_Header-34 From Net=info_led_4
Remove Pin=LED_Header-36 From Net=info_led_5
Remove Pin=LED_Header-38 From Net=info_led_6
Remove Pin=Main_Header-3 From Net=free_led_1
Remove Pin=Main_Header-4 From Net=tire_led_rl_red
Remove Pin=Main_Header-5 From Net=free_led_2
Remove Pin=Main_Header-6 From Net=tire_led_rl_green
Remove Pin=Main_Header-7 From Net=free_led_3
Remove Pin=Main_Header-8 From Net=tire_led_rl_blue
Remove Pin=Main_Header-9 From Net=free_led_4
Remove Pin=Main_Header-10 From Net=tire_led_fl_red
Remove Pin=Main_Header-12 From Net=tire_led_fl_green
Remove Pin=Main_Header-13 From Net=batt_led_1
Remove Pin=Main_Header-14 From Net=tire_led_fl_blue
Remove Pin=Main_Header-15 From Net=batt_led_2
Remove Pin=Main_Header-16 From Net=tire_led_fr_red
Remove Pin=Main_Header-17 From Net=batt_led_3
Remove Pin=Main_Header-18 From Net=tire_led_fr_green
Remove Pin=Main_Header-19 From Net=batt_led_4
Remove Pin=Main_Header-20 From Net=tire_led_fr_blue
Remove Pin=Main_Header-21 From Net=batt_led_5
Remove Pin=Main_Header-22 From Net=tire_led_rr_red
Remove Pin=Main_Header-23 From Net=batt_led_6
Remove Pin=Main_Header-24 From Net=tire_led_rr_green
Remove Pin=Main_Header-25 From Net=batt_led_7
Remove Pin=Main_Header-26 From Net=tire_led_rr_blue
Remove Pin=Main_Header-27 From Net=batt_led_8
Remove Pin=Main_Header-28 From Net=info_led_1
Remove Pin=Main_Header-29 From Net=batt_led_9
Remove Pin=Main_Header-30 From Net=info_led_2
Remove Pin=Main_Header-31 From Net=batt_led_10
Remove Pin=Main_Header-32 From Net=info_led_3
Remove Pin=Main_Header-34 From Net=info_led_4
Remove Pin=Main_Header-36 From Net=info_led_5
Remove Pin=Main_Header-38 From Net=info_led_6
Remove Pin=R1-2 From Net=free_led_1
Remove Pin=R2-2 From Net=free_led_2
Remove Pin=R3-2 From Net=free_led_3
Remove Pin=R5-2 From Net=free_led_4
Remove Pin=R6-2 From Net=batt_led_10
Remove Pin=R8-2 From Net=batt_led_9
Remove Pin=R9-2 From Net=batt_led_1
Remove Pin=R10-2 From Net=batt_led_8
Remove Pin=R11-2 From Net=batt_led_2
Remove Pin=R12-2 From Net=batt_led_7
Remove Pin=R13-2 From Net=batt_led_3
Remove Pin=R14-1 From Net=Display_8
Remove Pin=R15-2 From Net=Display_2
Remove Pin=R16-1 From Net=Display_7
Remove Pin=R17-2 From Net=Display_1
Remove Pin=R18-1 From Net=Display_6
Remove Pin=R19-1 From Net=Display_5
Remove Pin=R20-1 From Net=Display_4
Remove Pin=R21-2 From Net=batt_led_4
Remove Pin=R23-1 From Net=Display_3
Remove Pin=R25-2 From Net=batt_led_5
Remove Pin=R27-2 From Net=batt_led_6
Remove Pin=R29-1 From Net=tire_led_fl_blue
Remove Pin=R30-1 From Net=tire_led_fl_green
Remove Pin=R31-1 From Net=tire_led_fl_red
Remove Pin=R32-1 From Net=tire_led_rl_blue
Remove Pin=R34-1 From Net=tire_led_rl_green
Remove Pin=R36-1 From Net=tire_led_rl_red
Remove Pin=R38-1 From Net=tire_led_fr_blue
Remove Pin=R39-1 From Net=tire_led_fr_green
Remove Pin=R41-1 From Net=tire_led_fr_red
Remove Pin=R42-1 From Net=tire_led_rr_blue
Remove Pin=R43-1 From Net=tire_led_rr_green
Remove Pin=R44-1 From Net=tire_led_rr_red
Remove Pin=R45-1 From Net=BOTS_in
Remove Pin=R46-1 From Net=Inertia_in
Remove Pin=R47-1 From Net=SDB_Dashboard
Remove Pin=R48-1 From Net=start_TS
Remove Pin=R49-1 From Net=info_led_1
Remove Pin=R50-1 From Net=info_led_2
Remove Pin=R51-1 From Net=info_led_3
Remove Pin=R52-1 From Net=info_led_4
Remove Pin=R53-1 From Net=info_led_5
Remove Pin=R54-1 From Net=info_led_6
Remove Pin=SD_TS-1 From Net=BOTS_in
Remove Pin=SD_TS-2 From Net=Inertia_in
Remove Pin=SD_TS-3 From Net=SDB_Dashboard
Remove Pin=SD_TS-4 From Net=start_TS
Remove Pin=SWC-3 From Net=CAN_P
Remove Pin=SWC-4 From Net=CAN_N
Remove Pin=U1-10 From Net=SS
Remove Pin=U1-11 From Net=SCK
Remove Pin=U1-12 From Net=MOSI
Remove Pin=U1-13 From Net=MISO
Remove Pin=U1-20 From Net=Reset_uC
Remove Pin=U1-30 From Net=uCAN_P
Remove Pin=U1-31 From Net=uCAN_N
Remove Pin=U1-35 From Net=Register_Select
Remove Pin=U1-36 From Net=Read_Write
Remove Pin=U1-37 From Net=Enable
Remove Pin=U1-42 From Net=AT90CAN_clk
Remove Pin=U1-54 From Net=JTAG_TDI
Remove Pin=U1-55 From Net=JTAG_TDO
Remove Pin=U1-56 From Net=JTAG_TMS
Remove Pin=U1-57 From Net=JTAG_TCK
Remove Pin=U3-1 From Net=uCAN_P
Remove Pin=U3-4 From Net=uCAN_N
Remove Pin=U4-1 From Net=Reset_uC
Remove Pin=U5-1 From Net=Reset_uC_LED
Remove Pin=U-1 From Net=MOSI
Remove Pin=U-2 From Net=MISO
Remove Pin=U-3 From Net=SCK
Remove Pin=U-4 From Net=Reset_uC_LED
Remove Pin=U-5 From Net=AVCC_in
Remove Pin=U-6 From Net=GND_in
Remove Pin=U-8 From Net=AT90CAN_clk
Remove Pin=U-17 From Net=AVCC_in
Remove Pin=U-18 From Net=GND_in
Remove Pin=U-21 From Net=JTAG_TCK_LED
Remove Pin=U-22 From Net=JTAG_TMS_LED
Remove Pin=U-23 From Net=JTAG_TDO_LED
Remove Pin=U-24 From Net=JTAG_TDI_LED
Remove Pin=U-27 From Net=AVCC_in
Remove Pin=U-28 From Net=GND_in
Remove Pin=U-29 From Net=AREF_in
Remove Pin=U-38 From Net=AVCC_in
Remove Pin=U-39 From Net=GND_in
Remove Pin=U-44 From Net=SS
