Replace Part D1 150080RS75000 in Y:\Technik\Technik 2022\05 - Electronics\01 - LV\02 - Digital Circuits\06 - DIC\02 - Altium-Documents\DIC\Ring.SchDoc with 150080RS75000 from Altium_WL-SMCW (rev20a).IntLib
Replace Part D2 150080BS75000 in Y:\Technik\Technik 2022\05 - Electronics\01 - LV\02 - Digital Circuits\06 - DIC\02 - Altium-Documents\DIC\Ring.SchDoc with 150080BS75000 from Altium_WL-SMCW (rev20a).IntLib
Replace Part D3 150080BS75000 in Y:\Technik\Technik 2022\05 - Electronics\01 - LV\02 - Digital Circuits\06 - DIC\02 - Altium-Documents\DIC\Ring.SchDoc with 150080BS75000 from Altium_WL-SMCW (rev20a).IntLib
Replace Part D4 150080BS75000 in Y:\Technik\Technik 2022\05 - Electronics\01 - LV\02 - Digital Circuits\06 - DIC\02 - Altium-Documents\DIC\Ring.SchDoc with 150080BS75000 from Altium_WL-SMCW (rev20a).IntLib
Replace Part D5 150080BS75000 in Y:\Technik\Technik 2022\05 - Electronics\01 - LV\02 - Digital Circuits\06 - DIC\02 - Altium-Documents\DIC\Ring.SchDoc with 150080BS75000 from Altium_WL-SMCW (rev20a).IntLib
Replace Part D6 150080RS75000 in Y:\Technik\Technik 2022\05 - Electronics\01 - LV\02 - Digital Circuits\06 - DIC\02 - Altium-Documents\DIC\Ring.SchDoc with 150080RS75000 from Altium_WL-SMCW (rev20a).IntLib
Replace Part D7 150080GS75000 in Y:\Technik\Technik 2022\05 - Electronics\01 - LV\02 - Digital Circuits\06 - DIC\02 - Altium-Documents\DIC\Ring.SchDoc with 150080GS75000 from Altium_WL-SMCW (rev20a).IntLib
Replace Part D8 150080YS75000 in Y:\Technik\Technik 2022\05 - Electronics\01 - LV\02 - Digital Circuits\06 - DIC\02 - Altium-Documents\DIC\Ring.SchDoc with 150080YS75000 from Altium_WL-SMCW (rev20a).IntLib
Replace Part D9 150080YS75000 in Y:\Technik\Technik 2022\05 - Electronics\01 - LV\02 - Digital Circuits\06 - DIC\02 - Altium-Documents\DIC\Ring.SchDoc with 150080YS75000 from Altium_WL-SMCW (rev20a).IntLib
Replace Part D10 150080GS75000 in Y:\Technik\Technik 2022\05 - Electronics\01 - LV\02 - Digital Circuits\06 - DIC\02 - Altium-Documents\DIC\Ring.SchDoc with 150080GS75000 from Altium_WL-SMCW (rev20a).IntLib
Replace Part D11 150080GS75000 in Y:\Technik\Technik 2022\05 - Electronics\01 - LV\02 - Digital Circuits\06 - DIC\02 - Altium-Documents\DIC\Ring.SchDoc with 150080GS75000 from Altium_WL-SMCW (rev20a).IntLib
Replace Part D12 150080GS75000 in Y:\Technik\Technik 2022\05 - Electronics\01 - LV\02 - Digital Circuits\06 - DIC\02 - Altium-Documents\DIC\Ring.SchDoc with 150080GS75000 from Altium_WL-SMCW (rev20a).IntLib
Replace Part D13 150080GS75000 in Y:\Technik\Technik 2022\05 - Electronics\01 - LV\02 - Digital Circuits\06 - DIC\02 - Altium-Documents\DIC\Ring.SchDoc with 150080GS75000 from Altium_WL-SMCW (rev20a).IntLib
Replace Part D14 150080GS75000 in Y:\Technik\Technik 2022\05 - Electronics\01 - LV\02 - Digital Circuits\06 - DIC\02 - Altium-Documents\DIC\Ring.SchDoc with 150080GS75000 from Altium_WL-SMCW (rev20a).IntLib
Replace Part D15 150080BS75000 in Y:\Technik\Technik 2022\05 - Electronics\01 - LV\02 - Digital Circuits\06 - DIC\02 - Altium-Documents\DIC\Ring.SchDoc with 150080BS75000 from Altium_WL-SMCW (rev20a).IntLib
Replace Part D16 150080RS75000 in Y:\Technik\Technik 2022\05 - Electronics\01 - LV\02 - Digital Circuits\06 - DIC\02 - Altium-Documents\DIC\Ring.SchDoc with 150080RS75000 from Altium_WL-SMCW (rev20a).IntLib
Replace Part D17 150080RS75000 in Y:\Technik\Technik 2022\05 - Electronics\01 - LV\02 - Digital Circuits\06 - DIC\02 - Altium-Documents\DIC\Ring.SchDoc with 150080RS75000 from Altium_WL-SMCW (rev20a).IntLib
Replace Part D18 150080RS75000 in Y:\Technik\Technik 2022\05 - Electronics\01 - LV\02 - Digital Circuits\06 - DIC\02 - Altium-Documents\DIC\Ring.SchDoc with 150080RS75000 from Altium_WL-SMCW (rev20a).IntLib
Replace Part D19 150080RS75000 in Y:\Technik\Technik 2022\05 - Electronics\01 - LV\02 - Digital Circuits\06 - DIC\02 - Altium-Documents\DIC\Ring.SchDoc with 150080RS75000 from Altium_WL-SMCW (rev20a).IntLib
Replace Part D20 150080RS75000 in Y:\Technik\Technik 2022\05 - Electronics\01 - LV\02 - Digital Circuits\06 - DIC\02 - Altium-Documents\DIC\Ring.SchDoc with 150080RS75000 from Altium_WL-SMCW (rev20a).IntLib
Replace Part D21 150080RS75000 in Y:\Technik\Technik 2022\05 - Electronics\01 - LV\02 - Digital Circuits\06 - DIC\02 - Altium-Documents\DIC\Ring.SchDoc with 150080RS75000 from Altium_WL-SMCW (rev20a).IntLib
Replace Part D22 150080M173000 in Y:\Technik\Technik 2022\05 - Electronics\01 - LV\02 - Digital Circuits\06 - DIC\02 - Altium-Documents\DIC\Ring.SchDoc with 150080M173000 from Altium_WL-SFCW (rev19b).IntLib
Replace Part D23 150080M173000 in Y:\Technik\Technik 2022\05 - Electronics\01 - LV\02 - Digital Circuits\06 - DIC\02 - Altium-Documents\DIC\Ring.SchDoc with 150080M173000 from Altium_WL-SFCW (rev19b).IntLib
Replace Part D24 150080M173000 in Y:\Technik\Technik 2022\05 - Electronics\01 - LV\02 - Digital Circuits\06 - DIC\02 - Altium-Documents\DIC\Ring.SchDoc with 150080M173000 from Altium_WL-SFCW (rev19b).IntLib
Replace Part D25 150080M173000 in Y:\Technik\Technik 2022\05 - Electronics\01 - LV\02 - Digital Circuits\06 - DIC\02 - Altium-Documents\DIC\Ring.SchDoc with 150080M173000 from Altium_WL-SFCW (rev19b).IntLib
Replace Part D26 150080M173000 in Y:\Technik\Technik 2022\05 - Electronics\01 - LV\02 - Digital Circuits\06 - DIC\02 - Altium-Documents\DIC\Ring.SchDoc with 150080M173000 from Altium_WL-SFCW (rev19b).IntLib
Replace Part D27 150080M173000 in Y:\Technik\Technik 2022\05 - Electronics\01 - LV\02 - Digital Circuits\06 - DIC\02 - Altium-Documents\DIC\Ring.SchDoc with 150080M173000 from Altium_WL-SFCW (rev19b).IntLib
Replace Part D28 150080M173000 in Y:\Technik\Technik 2022\05 - Electronics\01 - LV\02 - Digital Circuits\06 - DIC\02 - Altium-Documents\DIC\Ring.SchDoc with 150080M173000 from Altium_WL-SFCW (rev19b).IntLib
Replace Part D29 150080M173000 in Y:\Technik\Technik 2022\05 - Electronics\01 - LV\02 - Digital Circuits\06 - DIC\02 - Altium-Documents\DIC\Ring.SchDoc with 150080M173000 from Altium_WL-SFCW (rev19b).IntLib
Replace Part Main_Header 61204021621 in Y:\Technik\Technik 2022\05 - Electronics\01 - LV\02 - Digital Circuits\06 - DIC\02 - Altium-Documents\DIC\Ring.SchDoc with 61204021621 from Altium_WR-BHD (rev21a).IntLib
